<?xml version="1.0" encoding="UTF-8"?>
<!-- Generated by org.testng.reporters.JUnitXMLReporter -->
<testsuite hostname="dsr-PC" ignored="1" name="Default test" tests="1" failures="0" timestamp="15 Apr 2019 18:44:45 GMT" time="12.283" errors="0">
  <testcase name="testSuccessfullProfile" time="12.193" classname="com.rob.myrestprojecttest.AppTest"/>
  <testcase name="testProfileWithInvalid" time="0.0" classname="com.rob.myrestprojecttest.AppTest">
    <ignored/>
  </testcase> <!-- testProfileWithInvalid -->
</testsuite> <!-- Default test -->
