<?xml version="1.0" encoding="UTF-8"?>
<testng-results skipped="0" failed="0" ignored="1" total="2" passed="1">
  <reporter-output>
  </reporter-output>
  <suite name="Default suite" duration-ms="11897" started-at="2019-04-15T18:31:00Z" finished-at="2019-04-15T18:31:12Z">
    <groups>
    </groups>
    <test name="Default test" duration-ms="11897" started-at="2019-04-15T18:31:00Z" finished-at="2019-04-15T18:31:12Z">
      <class name="com.rob.myrestprojecttest.AppTest">
        <test-method status="PASS" signature="testProfileWithInvalid()[pri:0, instance:com.rob.myrestprojecttest.AppTest@675d3402]" name="testProfileWithInvalid" duration-ms="11809" started-at="2019-04-15T18:31:00Z" description="Test profile with invalid" finished-at="2019-04-15T18:31:12Z">
          <reporter-output>
          </reporter-output>
        </test-method> <!-- testProfileWithInvalid -->
      </class> <!-- com.rob.myrestprojecttest.AppTest -->
    </test> <!-- Default test -->
  </suite> <!-- Default suite -->
</testng-results>
